<?xml version="1.0" encoding="UTF-8"?>
<!-- Generated by org.testng.reporters.JUnitReportReporter -->
<testsuite hostname="UKEC233" failures="0" tests="2" name="testCases.TC_001_AccountRegistrationTest" time="20.994" errors="0" timestamp="2023-05-06T13:27:11 BST" skipped="0">
  <testcase classname="testCases.TC_001_AccountRegistrationTest" name="test_account_Registration" time="9.956"/>
  <system-out/>
  <testcase classname="testCases.TC_001_AccountRegistrationTest" name="test_account_Registration" time="11.038"/>
  <system-out/>
</testsuite> <!-- testCases.TC_001_AccountRegistrationTest -->
