<?xml version="1.0" encoding="UTF-8"?>
<!-- Generated by org.testng.reporters.JUnitReportReporter -->
<testsuite hostname="UKEC233" failures="0" tests="1" name="testCases.TC_001_AccountRegistrationTest" time="9.257" errors="0" timestamp="2023-05-08T15:06:15 BST" skipped="0">
  <testcase classname="testCases.TC_001_AccountRegistrationTest" name="test_account_Registration" time="9.257"/>
  <system-out/>
</testsuite> <!-- testCases.TC_001_AccountRegistrationTest -->
